
2020-05-27 22:03:11 INFO: Validating model...
2020-05-27 22:03:11 INFO: Creating runtime...
2020-05-27 22:03:11 DEBUG: external.insured_events(JdbcWriter): parallelism level = 1
2020-05-27 22:03:11 DEBUG: external.interactions(JdbcWriter): parallelism level = 1
2020-05-27 22:03:11 INFO: Running runtime...
2020-05-27 22:03:11 WARNING: [EHS:INVALID_DATE][step:insured_events][line:1][column:5,INCIDENT_DATE][fieldData:2018-03-29]
2020-05-27 22:03:11 WARNING: [EHS:UNPARSABLE_FIELD][step:insured_events][line:1][column:5,INCIDENT_DATE][fieldData:2018-03-29]
2020-05-27 22:03:11 WARNING: [EHS:INVALID_DATE][step:insured_events][line:1][column:9,PAYMENT_DATE][fieldData:2018-09-20]
2020-05-27 22:03:11 WARNING: [EHS:UNPARSABLE_FIELD][step:insured_events][line:1][column:9,PAYMENT_DATE][fieldData:2018-09-20]
2020-05-27 22:03:11 WARNING: [EHS:INVALID_DATE][step:insured_events][line:2][column:5,INCIDENT_DATE][fieldData:2013-08-30]
2020-05-27 22:03:11 WARNING: [EHS:UNPARSABLE_FIELD][step:insured_events][line:2][column:5,INCIDENT_DATE][fieldData:2013-08-30]
2020-05-27 22:03:11 WARNING: [EHS:INVALID_DATE][step:insured_events][line:3][column:5,INCIDENT_DATE][fieldData:2014-09-16]
2020-05-27 22:03:11 WARNING: [EHS:UNPARSABLE_FIELD][step:insured_events][line:3][column:5,INCIDENT_DATE][fieldData:2014-09-16]
2020-05-27 22:03:11 WARNING: [EHS:INVALID_DATE][step:insured_events][line:4][column:5,INCIDENT_DATE][fieldData:2011-01-27]
2020-05-27 22:03:11 WARNING: [EHS:UNPARSABLE_FIELD][step:insured_events][line:4][column:5,INCIDENT_DATE][fieldData:2011-01-27]
2020-05-27 22:03:11 WARNING: [EHS:INVALID_DATE][step:insured_events][line:5][column:5,INCIDENT_DATE][fieldData:2010-05-06]
2020-05-27 22:03:11 WARNING: [EHS:UNPARSABLE_FIELD][step:insured_events][line:5][column:5,INCIDENT_DATE][fieldData:2010-05-06]
2020-05-27 22:03:11 WARNING: [EHS:INVALID_DATE][step:insured_events][line:6][column:5,INCIDENT_DATE][fieldData:2010-12-01]
2020-05-27 22:03:11 WARNING: [EHS:UNPARSABLE_FIELD][step:insured_events][line:6][column:5,INCIDENT_DATE][fieldData:2010-12-01]
2020-05-27 22:03:11 WARNING: [EHS:INVALID_DATE][step:insured_events][line:6][column:9,PAYMENT_DATE][fieldData:2015-03-15]
2020-05-27 22:03:11 WARNING: [EHS:UNPARSABLE_FIELD][step:insured_events][line:6][column:9,PAYMENT_DATE][fieldData:2015-03-15]
2020-05-27 22:03:11 WARNING: [EHS:INVALID_DATE][step:insured_events][line:7][column:5,INCIDENT_DATE][fieldData:2012-02-27]
2020-05-27 22:03:11 WARNING: [EHS:UNPARSABLE_FIELD][step:insured_events][line:7][column:5,INCIDENT_DATE][fieldData:2012-02-27]
2020-05-27 22:03:11 WARNING: [EHS:INVALID_DATE][step:insured_events][line:8][column:5,INCIDENT_DATE][fieldData:2014-03-30]
2020-05-27 22:03:11 WARNING: [EHS:UNPARSABLE_FIELD][step:insured_events][line:8][column:5,INCIDENT_DATE][fieldData:2014-03-30]
2020-05-27 22:03:11 WARNING: [EHS:INVALID_DATE][step:insured_events][line:9][column:5,INCIDENT_DATE][fieldData:2014-08-26]
2020-05-27 22:03:11 WARNING: [EHS:UNPARSABLE_FIELD][step:insured_events][line:9][column:5,INCIDENT_DATE][fieldData:2014-08-26]
2020-05-27 22:03:11 WARNING: [EHS:INVALID_DATE][step:insured_events][line:9][column:9,PAYMENT_DATE][fieldData:2015-08-08]
2020-05-27 22:03:11 WARNING: [EHS:UNPARSABLE_FIELD][step:insured_events][line:9][column:9,PAYMENT_DATE][fieldData:2015-08-08]
2020-05-27 22:03:11 WARNING: [EHS:INVALID_DATE][step:insured_events][line:10][column:5,INCIDENT_DATE][fieldData:2014-10-22]
2020-05-27 22:03:11 WARNING: [EHS:UNPARSABLE_FIELD][step:insured_events][line:10][column:5,INCIDENT_DATE][fieldData:2014-10-22]
2020-05-27 22:03:11 WARNING: [EHS:INVALID_DATE][step:insured_events][line:10][column:9,PAYMENT_DATE][fieldData:2016-07-08]
2020-05-27 22:03:11 WARNING: [EHS:UNPARSABLE_FIELD][step:insured_events][line:10][column:9,PAYMENT_DATE][fieldData:2016-07-08]
2020-05-27 22:03:11 WARNING: [EHS:INVALID_DATE][step:insured_events][line:11][column:5,INCIDENT_DATE][fieldData:2015-02-17]
2020-05-27 22:03:11 WARNING: [EHS:UNPARSABLE_FIELD][step:insured_events][line:11][column:5,INCIDENT_DATE][fieldData:2015-02-17]
2020-05-27 22:03:11 WARNING: [EHS:INVALID_DATE][step:insured_events][line:12][column:5,INCIDENT_DATE][fieldData:2011-08-27]
2020-05-27 22:03:11 WARNING: [EHS:UNPARSABLE_FIELD][step:insured_events][line:12][column:5,INCIDENT_DATE][fieldData:2011-08-27]
2020-05-27 22:03:11 WARNING: [EHS:INVALID_DATE][step:insured_events][line:13][column:5,INCIDENT_DATE][fieldData:2015-07-07]
2020-05-27 22:03:11 WARNING: [EHS:UNPARSABLE_FIELD][step:insured_events][line:13][column:5,INCIDENT_DATE][fieldData:2015-07-07]
2020-05-27 22:03:11 WARNING: [EHS:INVALID_DATE][step:insured_events][line:14][column:5,INCIDENT_DATE][fieldData:2014-06-20]
2020-05-27 22:03:11 WARNING: [EHS:UNPARSABLE_FIELD][step:insured_events][line:14][column:5,INCIDENT_DATE][fieldData:2014-06-20]
2020-05-27 22:03:11 WARNING: [EHS:INVALID_DATE][step:insured_events][line:15][column:5,INCIDENT_DATE][fieldData:2011-05-03]
2020-05-27 22:03:11 WARNING: [EHS:UNPARSABLE_FIELD][step:insured_events][line:15][column:5,INCIDENT_DATE][fieldData:2011-05-03]
2020-05-27 22:03:11 WARNING: [EHS:INVALID_DATE][step:insured_events][line:16][column:5,INCIDENT_DATE][fieldData:2013-11-28]
2020-05-27 22:03:11 WARNING: [EHS:UNPARSABLE_FIELD][step:insured_events][line:16][column:5,INCIDENT_DATE][fieldData:2013-11-28]
2020-05-27 22:03:11 WARNING: [EHS:INVALID_DATE][step:insured_events][line:17][column:5,INCIDENT_DATE][fieldData:2010-11-11]
2020-05-27 22:03:11 WARNING: [EHS:UNPARSABLE_FIELD][step:insured_events][line:17][column:5,INCIDENT_DATE][fieldData:2010-11-11]
2020-05-27 22:03:11 WARNING: [EHS:INVALID_DATE][step:insured_events][line:17][column:9,PAYMENT_DATE][fieldData:2019-08-11]
2020-05-27 22:03:11 WARNING: [EHS:UNPARSABLE_FIELD][step:insured_events][line:17][column:9,PAYMENT_DATE][fieldData:2019-08-11]
2020-05-27 22:03:11 WARNING: [EHS:INVALID_DATE][step:insured_events][line:18][column:5,INCIDENT_DATE][fieldData:2010-10-27]
2020-05-27 22:03:11 WARNING: [EHS:UNPARSABLE_FIELD][step:insured_events][line:18][column:5,INCIDENT_DATE][fieldData:2010-10-27]
2020-05-27 22:03:11 WARNING: [EHS:INVALID_DATE][step:insured_events][line:18][column:9,PAYMENT_DATE][fieldData:2018-12-21]
2020-05-27 22:03:11 WARNING: [EHS:UNPARSABLE_FIELD][step:insured_events][line:18][column:9,PAYMENT_DATE][fieldData:2018-12-21]
2020-05-27 22:03:11 WARNING: [EHS:INVALID_DATE][step:insured_events][line:19][column:5,INCIDENT_DATE][fieldData:2011-03-11]
2020-05-27 22:03:11 WARNING: [EHS:UNPARSABLE_FIELD][step:insured_events][line:19][column:5,INCIDENT_DATE][fieldData:2011-03-11]
2020-05-27 22:03:11 WARNING: [EHS:INVALID_DATE][step:insured_events][line:20][column:5,INCIDENT_DATE][fieldData:2010-07-07]
2020-05-27 22:03:11 WARNING: [EHS:UNPARSABLE_FIELD][step:insured_events][line:20][column:5,INCIDENT_DATE][fieldData:2010-07-07]
2020-05-27 22:03:11 WARNING: [EHS:INVALID_DATE][step:insured_events][line:21][column:5,INCIDENT_DATE][fieldData:2011-08-21]
2020-05-27 22:03:11 WARNING: [EHS:UNPARSABLE_FIELD][step:insured_events][line:21][column:5,INCIDENT_DATE][fieldData:2011-08-21]
2020-05-27 22:03:11 WARNING: [EHS:INVALID_DATE][step:insured_events][line:22][column:5,INCIDENT_DATE][fieldData:2011-12-31]
2020-05-27 22:03:11 WARNING: [EHS:UNPARSABLE_FIELD][step:insured_events][line:22][column:5,INCIDENT_DATE][fieldData:2011-12-31]
2020-05-27 22:03:11 WARNING: [EHS:INVALID_DATE][step:insured_events][line:23][column:5,INCIDENT_DATE][fieldData:2013-06-16]
2020-05-27 22:03:11 WARNING: [EHS:UNPARSABLE_FIELD][step:insured_events][line:23][column:5,INCIDENT_DATE][fieldData:2013-06-16]
2020-05-27 22:03:11 WARNING: [EHS:INVALID_DATE][step:insured_events][line:24][column:5,INCIDENT_DATE][fieldData:2013-03-02]
2020-05-27 22:03:11 WARNING: [EHS:UNPARSABLE_FIELD][step:insured_events][line:24][column:5,INCIDENT_DATE][fieldData:2013-03-02]
2020-05-27 22:03:11 WARNING: [EHS:INVALID_DATE][step:insured_events][line:24][column:9,PAYMENT_DATE][fieldData:2014-05-21]
2020-05-27 22:03:11 WARNING: [EHS:UNPARSABLE_FIELD][step:insured_events][line:24][column:9,PAYMENT_DATE][fieldData:2014-05-21]
2020-05-27 22:03:11 WARNING: [EHS:INVALID_DATE][step:insured_events][line:25][column:5,INCIDENT_DATE][fieldData:2011-07-01]
2020-05-27 22:03:11 WARNING: [EHS:UNPARSABLE_FIELD][step:insured_events][line:25][column:5,INCIDENT_DATE][fieldData:2011-07-01]
2020-05-27 22:03:11 WARNING: [EHS:INVALID_DATE][step:insured_events][line:26][column:5,INCIDENT_DATE][fieldData:2010-07-07]
2020-05-27 22:03:11 WARNING: [EHS:UNPARSABLE_FIELD][step:insured_events][line:26][column:5,INCIDENT_DATE][fieldData:2010-07-07]
2020-05-27 22:03:11 WARNING: [EHS:INVALID_DATE][step:insured_events][line:27][column:5,INCIDENT_DATE][fieldData:2013-03-25]
2020-05-27 22:03:11 WARNING: [EHS:UNPARSABLE_FIELD][step:insured_events][line:27][column:5,INCIDENT_DATE][fieldData:2013-03-25]
2020-05-27 22:03:11 WARNING: [EHS:INVALID_DATE][step:insured_events][line:28][column:5,INCIDENT_DATE][fieldData:2012-02-01]
2020-05-27 22:03:11 WARNING: [EHS:UNPARSABLE_FIELD][step:insured_events][line:28][column:5,INCIDENT_DATE][fieldData:2012-02-01]
2020-05-27 22:03:11 WARNING: [EHS:INVALID_DATE][step:insured_events][line:28][column:9,PAYMENT_DATE][fieldData:2019-10-28]
2020-05-27 22:03:11 WARNING: [EHS:UNPARSABLE_FIELD][step:insured_events][line:28][column:9,PAYMENT_DATE][fieldData:2019-10-28]
2020-05-27 22:03:11 WARNING: [EHS:INVALID_DATE][step:insured_events][line:29][column:5,INCIDENT_DATE][fieldData:2015-08-04]
2020-05-27 22:03:11 WARNING: [EHS:UNPARSABLE_FIELD][step:insured_events][line:29][column:5,INCIDENT_DATE][fieldData:2015-08-04]
2020-05-27 22:03:11 WARNING: [EHS:INVALID_DATE][step:insured_events][line:30][column:5,INCIDENT_DATE][fieldData:2018-04-29]
2020-05-27 22:03:11 WARNING: [EHS:UNPARSABLE_FIELD][step:insured_events][line:30][column:5,INCIDENT_DATE][fieldData:2018-04-29]
2020-05-27 22:03:11 WARNING: [EHS:INVALID_DATE][step:insured_events][line:30][column:9,PAYMENT_DATE][fieldData:2019-02-27]
2020-05-27 22:03:11 WARNING: [EHS:UNPARSABLE_FIELD][step:insured_events][line:30][column:9,PAYMENT_DATE][fieldData:2019-02-27]
2020-05-27 22:03:11 WARNING: [EHS:INVALID_DATE][step:insured_events][line:31][column:5,INCIDENT_DATE][fieldData:2013-12-29]
2020-05-27 22:03:11 WARNING: [EHS:UNPARSABLE_FIELD][step:insured_events][line:31][column:5,INCIDENT_DATE][fieldData:2013-12-29]
2020-05-27 22:03:11 WARNING: [EHS:INVALID_DATE][step:insured_events][line:32][column:5,INCIDENT_DATE][fieldData:2012-10-02]
2020-05-27 22:03:11 WARNING: [EHS:UNPARSABLE_FIELD][step:insured_events][line:32][column:5,INCIDENT_DATE][fieldData:2012-10-02]
2020-05-27 22:03:11 WARNING: [EHS:INVALID_DATE][step:insured_events][line:32][column:9,PAYMENT_DATE][fieldData:2013-09-14]
2020-05-27 22:03:11 WARNING: [EHS:UNPARSABLE_FIELD][step:insured_events][line:32][column:9,PAYMENT_DATE][fieldData:2013-09-14]
2020-05-27 22:03:11 WARNING: [EHS:INVALID_DATE][step:insured_events][line:33][column:5,INCIDENT_DATE][fieldData:2019-02-26]
2020-05-27 22:03:11 WARNING: [EHS:UNPARSABLE_FIELD][step:insured_events][line:33][column:5,INCIDENT_DATE][fieldData:2019-02-26]
2020-05-27 22:03:11 WARNING: [EHS:INVALID_DATE][step:insured_events][line:34][column:5,INCIDENT_DATE][fieldData:2019-10-06]
2020-05-27 22:03:11 WARNING: [EHS:UNPARSABLE_FIELD][step:insured_events][line:34][column:5,INCIDENT_DATE][fieldData:2019-10-06]
2020-05-27 22:03:11 WARNING: [EHS:INVALID_DATE][step:insured_events][line:35][column:5,INCIDENT_DATE][fieldData:2012-10-22]
2020-05-27 22:03:11 WARNING: [EHS:UNPARSABLE_FIELD][step:insured_events][line:35][column:5,INCIDENT_DATE][fieldData:2012-10-22]
2020-05-27 22:03:11 WARNING: [EHS:INVALID_DATE][step:insured_events][line:36][column:5,INCIDENT_DATE][fieldData:2010-09-12]
2020-05-27 22:03:11 WARNING: [EHS:UNPARSABLE_FIELD][step:insured_events][line:36][column:5,INCIDENT_DATE][fieldData:2010-09-12]
2020-05-27 22:03:11 WARNING: [EHS:INVALID_DATE][step:insured_events][line:37][column:5,INCIDENT_DATE][fieldData:2011-09-15]
2020-05-27 22:03:11 WARNING: [EHS:UNPARSABLE_FIELD][step:insured_events][line:37][column:5,INCIDENT_DATE][fieldData:2011-09-15]
2020-05-27 22:03:11 WARNING: [EHS:INVALID_DATE][step:insured_events][line:38][column:5,INCIDENT_DATE][fieldData:2011-06-08]
2020-05-27 22:03:11 WARNING: [EHS:UNPARSABLE_FIELD][step:insured_events][line:38][column:5,INCIDENT_DATE][fieldData:2011-06-08]
2020-05-27 22:03:11 WARNING: [EHS:INVALID_DATE][step:insured_events][line:39][column:5,INCIDENT_DATE][fieldData:2014-01-30]
2020-05-27 22:03:11 WARNING: [EHS:UNPARSABLE_FIELD][step:insured_events][line:39][column:5,INCIDENT_DATE][fieldData:2014-01-30]
2020-05-27 22:03:11 WARNING: [EHS:INVALID_DATE][step:insured_events][line:40][column:5,INCIDENT_DATE][fieldData:2018-05-18]
2020-05-27 22:03:11 WARNING: [EHS:UNPARSABLE_FIELD][step:insured_events][line:40][column:5,INCIDENT_DATE][fieldData:2018-05-18]
2020-05-27 22:03:11 WARNING: [EHS:INVALID_DATE][step:insured_events][line:41][column:5,INCIDENT_DATE][fieldData:2014-12-22]
2020-05-27 22:03:11 WARNING: [EHS:UNPARSABLE_FIELD][step:insured_events][line:41][column:5,INCIDENT_DATE][fieldData:2014-12-22]
2020-05-27 22:03:11 WARNING: [EHS:INVALID_DATE][step:insured_events][line:42][column:5,INCIDENT_DATE][fieldData:2014-07-24]
2020-05-27 22:03:11 WARNING: [EHS:UNPARSABLE_FIELD][step:insured_events][line:42][column:5,INCIDENT_DATE][fieldData:2014-07-24]
2020-05-27 22:03:11 WARNING: [EHS:INVALID_DATE][step:insured_events][line:43][column:5,INCIDENT_DATE][fieldData:2012-01-09]
2020-05-27 22:03:11 WARNING: [EHS:UNPARSABLE_FIELD][step:insured_events][line:43][column:5,INCIDENT_DATE][fieldData:2012-01-09]
2020-05-27 22:03:11 WARNING: [EHS:INVALID_DATE][step:insured_events][line:44][column:5,INCIDENT_DATE][fieldData:2014-07-10]
2020-05-27 22:03:11 WARNING: [EHS:UNPARSABLE_FIELD][step:insured_events][line:44][column:5,INCIDENT_DATE][fieldData:2014-07-10]
2020-05-27 22:03:11 WARNING: [EHS:INVALID_DATE][step:insured_events][line:45][column:5,INCIDENT_DATE][fieldData:2011-10-23]
2020-05-27 22:03:11 WARNING: [EHS:UNPARSABLE_FIELD][step:insured_events][line:45][column:5,INCIDENT_DATE][fieldData:2011-10-23]
2020-05-27 22:03:11 WARNING: [EHS:INVALID_DATE][step:insured_events][line:46][column:5,INCIDENT_DATE][fieldData:2017-04-08]
2020-05-27 22:03:11 WARNING: [EHS:UNPARSABLE_FIELD][step:insured_events][line:46][column:5,INCIDENT_DATE][fieldData:2017-04-08]
2020-05-27 22:03:11 WARNING: [EHS:INVALID_DATE][step:insured_events][line:46][column:9,PAYMENT_DATE][fieldData:2018-07-22]
2020-05-27 22:03:11 WARNING: [EHS:UNPARSABLE_FIELD][step:insured_events][line:46][column:9,PAYMENT_DATE][fieldData:2018-07-22]
2020-05-27 22:03:11 WARNING: [EHS:INVALID_DATE][step:insured_events][line:47][column:5,INCIDENT_DATE][fieldData:2010-10-02]
2020-05-27 22:03:11 WARNING: [EHS:UNPARSABLE_FIELD][step:insured_events][line:47][column:5,INCIDENT_DATE][fieldData:2010-10-02]
2020-05-27 22:03:11 WARNING: [EHS:INVALID_DATE][step:insured_events][line:48][column:5,INCIDENT_DATE][fieldData:2012-12-17]
2020-05-27 22:03:11 WARNING: [EHS:UNPARSABLE_FIELD][step:insured_events][line:48][column:5,INCIDENT_DATE][fieldData:2012-12-17]
2020-05-27 22:03:11 WARNING: [EHS:INVALID_DATE][step:insured_events][line:49][column:5,INCIDENT_DATE][fieldData:2013-12-16]
2020-05-27 22:03:11 WARNING: [EHS:UNPARSABLE_FIELD][step:insured_events][line:49][column:5,INCIDENT_DATE][fieldData:2013-12-16]
2020-05-27 22:03:11 WARNING: [EHS:INVALID_DATE][step:insured_events][line:50][column:5,INCIDENT_DATE][fieldData:2013-07-06]
2020-05-27 22:03:11 WARNING: [EHS:UNPARSABLE_FIELD][step:insured_events][line:50][column:5,INCIDENT_DATE][fieldData:2013-07-06]
2020-05-27 22:03:11 WARNING: [EHS:INVALID_DATE][step:insured_events][line:51][column:5,INCIDENT_DATE][fieldData:2013-06-09]
2020-05-27 22:03:11 WARNING: [EHS:UNPARSABLE_FIELD][step:insured_events][line:51][column:5,INCIDENT_DATE][fieldData:2013-06-09]
2020-05-27 22:03:11 WARNING: [EHS:INVALID_DATE][step:insured_events][line:52][column:5,INCIDENT_DATE][fieldData:2018-02-17]
2020-05-27 22:03:11 WARNING: [EHS:UNPARSABLE_FIELD][step:insured_events][line:52][column:5,INCIDENT_DATE][fieldData:2018-02-17]
2020-05-27 22:03:11 WARNING: [EHS:INVALID_DATE][step:insured_events][line:53][column:5,INCIDENT_DATE][fieldData:2011-11-30]
2020-05-27 22:03:11 WARNING: [EHS:UNPARSABLE_FIELD][step:insured_events][line:53][column:5,INCIDENT_DATE][fieldData:2011-11-30]
2020-05-27 22:03:11 WARNING: [EHS:INVALID_DATE][step:insured_events][line:54][column:5,INCIDENT_DATE][fieldData:2015-10-02]
2020-05-27 22:03:11 WARNING: [EHS:UNPARSABLE_FIELD][step:insured_events][line:54][column:5,INCIDENT_DATE][fieldData:2015-10-02]
2020-05-27 22:03:11 WARNING: [EHS:INVALID_DATE][step:insured_events][line:54][column:9,PAYMENT_DATE][fieldData:2017-11-27]
2020-05-27 22:03:11 WARNING: [EHS:UNPARSABLE_FIELD][step:insured_events][line:54][column:9,PAYMENT_DATE][fieldData:2017-11-27]
2020-05-27 22:03:11 WARNING: [EHS:INVALID_DATE][step:insured_events][line:55][column:5,INCIDENT_DATE][fieldData:2014-03-19]
2020-05-27 22:03:11 WARNING: [EHS:UNPARSABLE_FIELD][step:insured_events][line:55][column:5,INCIDENT_DATE][fieldData:2014-03-19]
2020-05-27 22:03:11 WARNING: [EHS:INVALID_DATE][step:insured_events][line:56][column:5,INCIDENT_DATE][fieldData:2016-03-27]
2020-05-27 22:03:11 WARNING: [EHS:UNPARSABLE_FIELD][step:insured_events][line:56][column:5,INCIDENT_DATE][fieldData:2016-03-27]
2020-05-27 22:03:11 WARNING: [EHS:INVALID_DATE][step:insured_events][line:57][column:5,INCIDENT_DATE][fieldData:2015-07-19]
2020-05-27 22:03:11 WARNING: [EHS:UNPARSABLE_FIELD][step:insured_events][line:57][column:5,INCIDENT_DATE][fieldData:2015-07-19]
2020-05-27 22:03:11 WARNING: [EHS:INVALID_DATE][step:insured_events][line:58][column:5,INCIDENT_DATE][fieldData:2012-05-04]
2020-05-27 22:03:11 WARNING: [EHS:UNPARSABLE_FIELD][step:insured_events][line:58][column:5,INCIDENT_DATE][fieldData:2012-05-04]
2020-05-27 22:03:11 WARNING: [EHS:INVALID_DATE][step:insured_events][line:58][column:9,PAYMENT_DATE][fieldData:2017-01-01]
2020-05-27 22:03:11 WARNING: [EHS:UNPARSABLE_FIELD][step:insured_events][line:58][column:9,PAYMENT_DATE][fieldData:2017-01-01]
2020-05-27 22:03:11 WARNING: [EHS:INVALID_DATE][step:insured_events][line:59][column:5,INCIDENT_DATE][fieldData:2015-12-04]
2020-05-27 22:03:11 WARNING: [EHS:UNPARSABLE_FIELD][step:insured_events][line:59][column:5,INCIDENT_DATE][fieldData:2015-12-04]
2020-05-27 22:03:11 WARNING: [EHS:INVALID_DATE][step:insured_events][line:60][column:5,INCIDENT_DATE][fieldData:2012-10-08]
2020-05-27 22:03:11 WARNING: [EHS:UNPARSABLE_FIELD][step:insured_events][line:60][column:5,INCIDENT_DATE][fieldData:2012-10-08]
2020-05-27 22:03:11 WARNING: [EHS:INVALID_DATE][step:insured_events][line:61][column:5,INCIDENT_DATE][fieldData:2011-09-01]
2020-05-27 22:03:11 WARNING: [EHS:UNPARSABLE_FIELD][step:insured_events][line:61][column:5,INCIDENT_DATE][fieldData:2011-09-01]
2020-05-27 22:03:11 WARNING: [EHS:INVALID_DATE][step:insured_events][line:62][column:5,INCIDENT_DATE][fieldData:2013-07-13]
2020-05-27 22:03:11 WARNING: [EHS:UNPARSABLE_FIELD][step:insured_events][line:62][column:5,INCIDENT_DATE][fieldData:2013-07-13]
2020-05-27 22:03:11 WARNING: [EHS:INVALID_DATE][step:insured_events][line:63][column:5,INCIDENT_DATE][fieldData:2015-02-17]
2020-05-27 22:03:11 WARNING: [EHS:UNPARSABLE_FIELD][step:insured_events][line:63][column:5,INCIDENT_DATE][fieldData:2015-02-17]
2020-05-27 22:03:11 WARNING: [EHS:INVALID_DATE][step:insured_events][line:63][column:9,PAYMENT_DATE][fieldData:2018-09-15]
2020-05-27 22:03:11 WARNING: [EHS:UNPARSABLE_FIELD][step:insured_events][line:63][column:9,PAYMENT_DATE][fieldData:2018-09-15]
2020-05-27 22:03:11 WARNING: [EHS:INVALID_DATE][step:insured_events][line:64][column:5,INCIDENT_DATE][fieldData:2016-03-27]
2020-05-27 22:03:11 WARNING: [EHS:UNPARSABLE_FIELD][step:insured_events][line:64][column:5,INCIDENT_DATE][fieldData:2016-03-27]
2020-05-27 22:03:11 WARNING: [EHS:INVALID_DATE][step:insured_events][line:64][column:9,PAYMENT_DATE][fieldData:2017-04-26]
2020-05-27 22:03:11 WARNING: [EHS:UNPARSABLE_FIELD][step:insured_events][line:64][column:9,PAYMENT_DATE][fieldData:2017-04-26]
2020-05-27 22:03:11 WARNING: [EHS:INVALID_DATE][step:insured_events][line:65][column:5,INCIDENT_DATE][fieldData:2012-02-06]
2020-05-27 22:03:11 WARNING: [EHS:UNPARSABLE_FIELD][step:insured_events][line:65][column:5,INCIDENT_DATE][fieldData:2012-02-06]
2020-05-27 22:03:11 WARNING: [EHS:INVALID_DATE][step:insured_events][line:66][column:5,INCIDENT_DATE][fieldData:2017-10-03]
2020-05-27 22:03:11 WARNING: [EHS:UNPARSABLE_FIELD][step:insured_events][line:66][column:5,INCIDENT_DATE][fieldData:2017-10-03]
2020-05-27 22:03:11 WARNING: [EHS:INVALID_DATE][step:insured_events][line:67][column:5,INCIDENT_DATE][fieldData:2016-03-06]
2020-05-27 22:03:11 WARNING: [EHS:UNPARSABLE_FIELD][step:insured_events][line:67][column:5,INCIDENT_DATE][fieldData:2016-03-06]
2020-05-27 22:03:11 WARNING: [EHS:INVALID_DATE][step:insured_events][line:68][column:5,INCIDENT_DATE][fieldData:2014-03-30]
2020-05-27 22:03:11 WARNING: [EHS:UNPARSABLE_FIELD][step:insured_events][line:68][column:5,INCIDENT_DATE][fieldData:2014-03-30]
2020-05-27 22:03:11 WARNING: [EHS:INVALID_DATE][step:insured_events][line:69][column:5,INCIDENT_DATE][fieldData:2015-04-05]
2020-05-27 22:03:11 WARNING: [EHS:UNPARSABLE_FIELD][step:insured_events][line:69][column:5,INCIDENT_DATE][fieldData:2015-04-05]
2020-05-27 22:03:11 WARNING: [EHS:INVALID_DATE][step:insured_events][line:70][column:5,INCIDENT_DATE][fieldData:2016-09-06]
2020-05-27 22:03:11 WARNING: [EHS:UNPARSABLE_FIELD][step:insured_events][line:70][column:5,INCIDENT_DATE][fieldData:2016-09-06]
2020-05-27 22:03:11 WARNING: [EHS:INVALID_DATE][step:insured_events][line:70][column:9,PAYMENT_DATE][fieldData:2018-05-18]
2020-05-27 22:03:11 WARNING: [EHS:UNPARSABLE_FIELD][step:insured_events][line:70][column:9,PAYMENT_DATE][fieldData:2018-05-18]
2020-05-27 22:03:11 WARNING: [EHS:INVALID_DATE][step:insured_events][line:71][column:5,INCIDENT_DATE][fieldData:2011-09-27]
2020-05-27 22:03:11 WARNING: [EHS:UNPARSABLE_FIELD][step:insured_events][line:71][column:5,INCIDENT_DATE][fieldData:2011-09-27]
2020-05-27 22:03:11 WARNING: [EHS:INVALID_DATE][step:insured_events][line:72][column:5,INCIDENT_DATE][fieldData:2011-01-21]
2020-05-27 22:03:11 WARNING: [EHS:UNPARSABLE_FIELD][step:insured_events][line:72][column:5,INCIDENT_DATE][fieldData:2011-01-21]
2020-05-27 22:03:11 WARNING: [EHS:INVALID_DATE][step:insured_events][line:73][column:5,INCIDENT_DATE][fieldData:2011-12-25]
2020-05-27 22:03:11 WARNING: [EHS:UNPARSABLE_FIELD][step:insured_events][line:73][column:5,INCIDENT_DATE][fieldData:2011-12-25]
2020-05-27 22:03:11 WARNING: [EHS:INVALID_DATE][step:insured_events][line:73][column:9,PAYMENT_DATE][fieldData:2016-05-31]
2020-05-27 22:03:11 WARNING: [EHS:UNPARSABLE_FIELD][step:insured_events][line:73][column:9,PAYMENT_DATE][fieldData:2016-05-31]
2020-05-27 22:03:11 WARNING: [EHS:INVALID_DATE][step:insured_events][line:74][column:5,INCIDENT_DATE][fieldData:2018-03-12]
2020-05-27 22:03:11 WARNING: [EHS:UNPARSABLE_FIELD][step:insured_events][line:74][column:5,INCIDENT_DATE][fieldData:2018-03-12]
2020-05-27 22:03:11 WARNING: [EHS:INVALID_DATE][step:insured_events][line:74][column:9,PAYMENT_DATE][fieldData:2019-01-26]
2020-05-27 22:03:11 WARNING: [EHS:UNPARSABLE_FIELD][step:insured_events][line:74][column:9,PAYMENT_DATE][fieldData:2019-01-26]
2020-05-27 22:03:11 WARNING: [EHS:INVALID_DATE][step:insured_events][line:75][column:5,INCIDENT_DATE][fieldData:2010-09-07]
2020-05-27 22:03:11 WARNING: [EHS:UNPARSABLE_FIELD][step:insured_events][line:75][column:5,INCIDENT_DATE][fieldData:2010-09-07]
2020-05-27 22:03:11 WARNING: [EHS:INVALID_DATE][step:insured_events][line:76][column:5,INCIDENT_DATE][fieldData:2013-04-12]
2020-05-27 22:03:11 WARNING: [EHS:UNPARSABLE_FIELD][step:insured_events][line:76][column:5,INCIDENT_DATE][fieldData:2013-04-12]
2020-05-27 22:03:11 WARNING: [EHS:INVALID_DATE][step:insured_events][line:77][column:5,INCIDENT_DATE][fieldData:2013-12-01]
2020-05-27 22:03:11 WARNING: [EHS:UNPARSABLE_FIELD][step:insured_events][line:77][column:5,INCIDENT_DATE][fieldData:2013-12-01]
2020-05-27 22:03:11 WARNING: [EHS:INVALID_DATE][step:insured_events][line:77][column:9,PAYMENT_DATE][fieldData:2017-05-07]
2020-05-27 22:03:11 WARNING: [EHS:UNPARSABLE_FIELD][step:insured_events][line:77][column:9,PAYMENT_DATE][fieldData:2017-05-07]
2020-05-27 22:03:11 WARNING: [EHS:INVALID_DATE][step:insured_events][line:78][column:5,INCIDENT_DATE][fieldData:2014-08-29]
2020-05-27 22:03:11 WARNING: [EHS:UNPARSABLE_FIELD][step:insured_events][line:78][column:5,INCIDENT_DATE][fieldData:2014-08-29]
2020-05-27 22:03:11 WARNING: [EHS:INVALID_DATE][step:insured_events][line:79][column:5,INCIDENT_DATE][fieldData:2020-02-01]
2020-05-27 22:03:11 WARNING: [EHS:UNPARSABLE_FIELD][step:insured_events][line:79][column:5,INCIDENT_DATE][fieldData:2020-02-01]
2020-05-27 22:03:11 WARNING: [EHS:INVALID_DATE][step:insured_events][line:80][column:5,INCIDENT_DATE][fieldData:2011-10-15]
2020-05-27 22:03:11 WARNING: [EHS:UNPARSABLE_FIELD][step:insured_events][line:80][column:5,INCIDENT_DATE][fieldData:2011-10-15]
2020-05-27 22:03:11 WARNING: [EHS:INVALID_DATE][step:insured_events][line:81][column:5,INCIDENT_DATE][fieldData:2010-05-27]
2020-05-27 22:03:11 WARNING: [EHS:UNPARSABLE_FIELD][step:insured_events][line:81][column:5,INCIDENT_DATE][fieldData:2010-05-27]
2020-05-27 22:03:11 WARNING: [EHS:INVALID_DATE][step:insured_events][line:82][column:5,INCIDENT_DATE][fieldData:2019-12-26]
2020-05-27 22:03:11 WARNING: [EHS:UNPARSABLE_FIELD][step:insured_events][line:82][column:5,INCIDENT_DATE][fieldData:2019-12-26]
2020-05-27 22:03:11 WARNING: [EHS:INVALID_DATE][step:insured_events][line:83][column:5,INCIDENT_DATE][fieldData:2011-08-23]
2020-05-27 22:03:11 WARNING: [EHS:UNPARSABLE_FIELD][step:insured_events][line:83][column:5,INCIDENT_DATE][fieldData:2011-08-23]
2020-05-27 22:03:11 WARNING: [EHS:INVALID_DATE][step:insured_events][line:84][column:5,INCIDENT_DATE][fieldData:2019-11-14]
2020-05-27 22:03:11 WARNING: [EHS:UNPARSABLE_FIELD][step:insured_events][line:84][column:5,INCIDENT_DATE][fieldData:2019-11-14]
2020-05-27 22:03:11 WARNING: [EHS:INVALID_DATE][step:insured_events][line:85][column:5,INCIDENT_DATE][fieldData:2013-10-14]
2020-05-27 22:03:11 WARNING: [EHS:UNPARSABLE_FIELD][step:insured_events][line:85][column:5,INCIDENT_DATE][fieldData:2013-10-14]
2020-05-27 22:03:11 WARNING: [EHS:INVALID_DATE][step:insured_events][line:86][column:5,INCIDENT_DATE][fieldData:2010-06-24]
2020-05-27 22:03:11 WARNING: [EHS:UNPARSABLE_FIELD][step:insured_events][line:86][column:5,INCIDENT_DATE][fieldData:2010-06-24]
2020-05-27 22:03:11 WARNING: [EHS:INVALID_DATE][step:insured_events][line:87][column:5,INCIDENT_DATE][fieldData:2012-02-07]
2020-05-27 22:03:11 WARNING: [EHS:UNPARSABLE_FIELD][step:insured_events][line:87][column:5,INCIDENT_DATE][fieldData:2012-02-07]
2020-05-27 22:03:11 WARNING: [EHS:INVALID_DATE][step:insured_events][line:88][column:5,INCIDENT_DATE][fieldData:2013-04-13]
2020-05-27 22:03:11 WARNING: [EHS:UNPARSABLE_FIELD][step:insured_events][line:88][column:5,INCIDENT_DATE][fieldData:2013-04-13]
2020-05-27 22:03:11 WARNING: [EHS:INVALID_DATE][step:insured_events][line:89][column:5,INCIDENT_DATE][fieldData:2015-10-11]
2020-05-27 22:03:11 WARNING: [EHS:UNPARSABLE_FIELD][step:insured_events][line:89][column:5,INCIDENT_DATE][fieldData:2015-10-11]
2020-05-27 22:03:11 WARNING: [EHS:INVALID_DATE][step:insured_events][line:90][column:5,INCIDENT_DATE][fieldData:2018-07-22]
2020-05-27 22:03:11 WARNING: [EHS:UNPARSABLE_FIELD][step:insured_events][line:90][column:5,INCIDENT_DATE][fieldData:2018-07-22]
2020-05-27 22:03:11 WARNING: [EHS:INVALID_DATE][step:insured_events][line:90][column:9,PAYMENT_DATE][fieldData:2019-05-01]
2020-05-27 22:03:11 WARNING: [EHS:UNPARSABLE_FIELD][step:insured_events][line:90][column:9,PAYMENT_DATE][fieldData:2019-05-01]
2020-05-27 22:03:11 WARNING: [EHS:INVALID_DATE][step:insured_events][line:91][column:5,INCIDENT_DATE][fieldData:2014-06-27]
2020-05-27 22:03:11 WARNING: [EHS:UNPARSABLE_FIELD][step:insured_events][line:91][column:5,INCIDENT_DATE][fieldData:2014-06-27]
2020-05-27 22:03:11 WARNING: [EHS:INVALID_DATE][step:insured_events][line:92][column:5,INCIDENT_DATE][fieldData:2016-05-22]
2020-05-27 22:03:11 WARNING: [EHS:UNPARSABLE_FIELD][step:insured_events][line:92][column:5,INCIDENT_DATE][fieldData:2016-05-22]
2020-05-27 22:03:11 WARNING: [EHS:INVALID_DATE][step:insured_events][line:92][column:9,PAYMENT_DATE][fieldData:2017-10-01]
2020-05-27 22:03:11 WARNING: [EHS:UNPARSABLE_FIELD][step:insured_events][line:92][column:9,PAYMENT_DATE][fieldData:2017-10-01]
2020-05-27 22:03:11 WARNING: [EHS:INVALID_DATE][step:insured_events][line:93][column:5,INCIDENT_DATE][fieldData:2014-02-15]
2020-05-27 22:03:11 WARNING: [EHS:UNPARSABLE_FIELD][step:insured_events][line:93][column:5,INCIDENT_DATE][fieldData:2014-02-15]
2020-05-27 22:03:11 WARNING: [EHS:INVALID_DATE][step:insured_events][line:94][column:5,INCIDENT_DATE][fieldData:2011-10-23]
2020-05-27 22:03:11 WARNING: [EHS:UNPARSABLE_FIELD][step:insured_events][line:94][column:5,INCIDENT_DATE][fieldData:2011-10-23]
2020-05-27 22:03:11 WARNING: [EHS:INVALID_DATE][step:insured_events][line:94][column:9,PAYMENT_DATE][fieldData:2014-08-18]
2020-05-27 22:03:11 WARNING: [EHS:UNPARSABLE_FIELD][step:insured_events][line:94][column:9,PAYMENT_DATE][fieldData:2014-08-18]
2020-05-27 22:03:11 WARNING: [EHS:INVALID_DATE][step:insured_events][line:95][column:5,INCIDENT_DATE][fieldData:2012-09-15]
2020-05-27 22:03:11 WARNING: [EHS:UNPARSABLE_FIELD][step:insured_events][line:95][column:5,INCIDENT_DATE][fieldData:2012-09-15]
2020-05-27 22:03:11 WARNING: [EHS:INVALID_DATE][step:insured_events][line:95][column:9,PAYMENT_DATE][fieldData:2014-05-28]
2020-05-27 22:03:11 WARNING: [EHS:UNPARSABLE_FIELD][step:insured_events][line:95][column:9,PAYMENT_DATE][fieldData:2014-05-28]
2020-05-27 22:03:11 WARNING: [EHS:INVALID_DATE][step:insured_events][line:96][column:5,INCIDENT_DATE][fieldData:2011-08-28]
2020-05-27 22:03:11 WARNING: [EHS:UNPARSABLE_FIELD][step:insured_events][line:96][column:5,INCIDENT_DATE][fieldData:2011-08-28]
2020-05-27 22:03:11 WARNING: [EHS:INVALID_DATE][step:insured_events][line:96][column:9,PAYMENT_DATE][fieldData:2018-01-29]
2020-05-27 22:03:11 WARNING: [EHS:UNPARSABLE_FIELD][step:insured_events][line:96][column:9,PAYMENT_DATE][fieldData:2018-01-29]
2020-05-27 22:03:11 WARNING: [EHS:INVALID_DATE][step:insured_events][line:97][column:5,INCIDENT_DATE][fieldData:2018-06-09]
2020-05-27 22:03:11 WARNING: [EHS:UNPARSABLE_FIELD][step:insured_events][line:97][column:5,INCIDENT_DATE][fieldData:2018-06-09]
2020-05-27 22:03:11 WARNING: [EHS:INVALID_DATE][step:insured_events][line:98][column:5,INCIDENT_DATE][fieldData:2010-05-05]
2020-05-27 22:03:11 WARNING: [EHS:UNPARSABLE_FIELD][step:insured_events][line:98][column:5,INCIDENT_DATE][fieldData:2010-05-05]
2020-05-27 22:03:11 WARNING: [EHS:INVALID_DATE][step:insured_events][line:99][column:5,INCIDENT_DATE][fieldData:2013-04-24]
2020-05-27 22:03:11 WARNING: [EHS:UNPARSABLE_FIELD][step:insured_events][line:99][column:5,INCIDENT_DATE][fieldData:2013-04-24]
2020-05-27 22:03:11 WARNING: [EHS:INVALID_DATE][step:insured_events][line:99][column:9,PAYMENT_DATE][fieldData:2016-04-08]
2020-05-27 22:03:11 WARNING: [EHS:UNPARSABLE_FIELD][step:insured_events][line:99][column:9,PAYMENT_DATE][fieldData:2016-04-08]
2020-05-27 22:03:11 WARNING: [EHS:INVALID_DATE][step:insured_events][line:100][column:5,INCIDENT_DATE][fieldData:2011-05-04]
2020-05-27 22:03:11 WARNING: [EHS:UNPARSABLE_FIELD][step:insured_events][line:100][column:5,INCIDENT_DATE][fieldData:2011-05-04]
2020-05-27 22:03:11 WARNING: Parse warnings in file reader.[STEP insured_events[Text File Reader]]
First 10 detected problem(s) (out of 250)
[EHS:INVALID_DATE][step:insured_events][line:1][column:5,INCIDENT_DATE][fieldData:2018-03-29]
[EHS:UNPARSABLE_FIELD][step:insured_events][line:1][column:5,INCIDENT_DATE][fieldData:2018-03-29]
[EHS:INVALID_DATE][step:insured_events][line:1][column:9,PAYMENT_DATE][fieldData:2018-09-20]
[EHS:UNPARSABLE_FIELD][step:insured_events][line:1][column:9,PAYMENT_DATE][fieldData:2018-09-20]
[EHS:INVALID_DATE][step:insured_events][line:2][column:5,INCIDENT_DATE][fieldData:2013-08-30]
[EHS:UNPARSABLE_FIELD][step:insured_events][line:2][column:5,INCIDENT_DATE][fieldData:2013-08-30]
[EHS:INVALID_DATE][step:insured_events][line:3][column:5,INCIDENT_DATE][fieldData:2014-09-16]
[EHS:UNPARSABLE_FIELD][step:insured_events][line:3][column:5,INCIDENT_DATE][fieldData:2014-09-16]
[EHS:INVALID_DATE][step:insured_events][line:4][column:5,INCIDENT_DATE][fieldData:2011-01-27]
[EHS:UNPARSABLE_FIELD][step:insured_events][line:4][column:5,INCIDENT_DATE][fieldData:2011-01-27]


2020-05-27 22:03:11 INFO: Finished! (Time spent: 0 s)